<?xml version="1.0" encoding="UTF-8"?>
<coverage generated="1670788665456" clover="3.2.0">
  <project timestamp="1670788665456" name="All files">
    <metrics statements="27" coveredstatements="27" conditionals="9" coveredconditionals="9" methods="12" coveredmethods="12" elements="48" coveredelements="48" complexity="0" loc="27" ncloc="27" packages="1" files="1" classes="1"/>
    <file name="bank.ts" path="/Users/jackytruong/Documents/projets/BankTDD/bank.ts">
      <metrics statements="27" coveredstatements="27" conditionals="9" coveredconditionals="9" methods="12" coveredmethods="12"/>
      <line num="1" count="1" type="stmt"/>
      <line num="9" count="18" type="stmt"/>
      <line num="10" count="18" type="stmt"/>
      <line num="11" count="18" type="stmt"/>
      <line num="12" count="18" type="stmt"/>
      <line num="13" count="18" type="stmt"/>
      <line num="19" count="6" type="stmt"/>
      <line num="24" count="7" type="stmt"/>
      <line num="25" count="7" type="stmt"/>
      <line num="30" count="4" type="stmt"/>
      <line num="31" count="4" type="stmt"/>
      <line num="36" count="1" type="stmt"/>
      <line num="37" count="1" type="stmt"/>
      <line num="42" count="1" type="stmt"/>
      <line num="43" count="1" type="stmt"/>
      <line num="48" count="1" type="stmt"/>
      <line num="53" count="2" type="stmt"/>
      <line num="58" count="1" type="stmt"/>
      <line num="63" count="1" type="stmt"/>
      <line num="68" count="1" type="stmt"/>
      <line num="72" count="3" type="cond" truecount="4" falsecount="0"/>
      <line num="73" count="1" type="stmt"/>
      <line num="74" count="2" type="cond" truecount="4" falsecount="0"/>
      <line num="75" count="1" type="stmt"/>
      <line num="76" count="1" type="cond" truecount="1" falsecount="0"/>
      <line num="77" count="1" type="stmt"/>
      <line num="79" count="3" type="stmt"/>
    </file>
  </project>
</coverage>
