{"/Users/jackytruong/Documents/projets/BankTest/bank.ts": {"path":"/Users/jackytruong/Documents/projets/BankTest/bank.ts","statementMap":{"0":{"start":{"line":9,"column":4},"end":{"line":9,"column":21}},"1":{"start":{"line":10,"column":4},"end":{"line":10,"column":22}},"2":{"start":{"line":11,"column":4},"end":{"line":11,"column":33}},"3":{"start":{"line":12,"column":4},"end":{"line":12,"column":37}},"4":{"start":{"line":13,"column":4},"end":{"line":13,"column":28}},"5":{"start":{"line":19,"column":4},"end":{"line":19,"column":24}},"6":{"start":{"line":24,"column":4},"end":{"line":24,"column":27}},"7":{"start":{"line":25,"column":4},"end":{"line":25,"column":44}},"8":{"start":{"line":30,"column":4},"end":{"line":30,"column":27}},"9":{"start":{"line":31,"column":4},"end":{"line":31,"column":47}},"10":{"start":{"line":36,"column":4},"end":{"line":36,"column":26}},"11":{"start":{"line":37,"column":4},"end":{"line":37,"column":30}},"12":{"start":{"line":42,"column":4},"end":{"line":42,"column":29}},"13":{"start":{"line":43,"column":4},"end":{"line":43,"column":25}},"14":{"start":{"line":48,"column":4},"end":{"line":48,"column":24}},"15":{"start":{"line":53,"column":4},"end":{"line":53,"column":39}},"16":{"start":{"line":58,"column":4},"end":{"line":58,"column":40}},"17":{"start":{"line":63,"column":4},"end":{"line":63,"column":42}},"18":{"start":{"line":68,"column":4},"end":{"line":68,"column":54}},"19":{"start":{"line":1,"column":0},"end":{"line":1,"column":13}}},"fnMap":{"0":{"name":"(anonymous_0)","decl":{"start":{"line":8,"column":2},"end":{"line":8,"column":null}},"loc":{"start":{"line":8,"column":2},"end":{"line":14,"column":3}}},"1":{"name":"(anonymous_1)","decl":{"start":{"line":18,"column":2},"end":{"line":18,"column":12}},"loc":{"start":{"line":18,"column":12},"end":{"line":20,"column":3}}},"2":{"name":"(anonymous_2)","decl":{"start":{"line":23,"column":2},"end":{"line":23,"column":9}},"loc":{"start":{"line":23,"column":24},"end":{"line":26,"column":3}}},"3":{"name":"(anonymous_3)","decl":{"start":{"line":29,"column":2},"end":{"line":29,"column":10}},"loc":{"start":{"line":29,"column":25},"end":{"line":32,"column":3}}},"4":{"name":"(anonymous_4)","decl":{"start":{"line":35,"column":2},"end":{"line":35,"column":10}},"loc":{"start":{"line":35,"column":42},"end":{"line":38,"column":3}}},"5":{"name":"(anonymous_5)","decl":{"start":{"line":41,"column":2},"end":{"line":41,"column":8}},"loc":{"start":{"line":41,"column":38},"end":{"line":44,"column":3}}},"6":{"name":"(anonymous_6)","decl":{"start":{"line":47,"column":2},"end":{"line":47,"column":12}},"loc":{"start":{"line":47,"column":12},"end":{"line":49,"column":3}}},"7":{"name":"(anonymous_7)","decl":{"start":{"line":52,"column":2},"end":{"line":52,"column":13}},"loc":{"start":{"line":52,"column":13},"end":{"line":54,"column":3}}},"8":{"name":"(anonymous_8)","decl":{"start":{"line":57,"column":2},"end":{"line":57,"column":14}},"loc":{"start":{"line":57,"column":14},"end":{"line":59,"column":3}}},"9":{"name":"(anonymous_9)","decl":{"start":{"line":62,"column":2},"end":{"line":62,"column":15}},"loc":{"start":{"line":62,"column":40},"end":{"line":64,"column":3}}},"10":{"name":"(anonymous_10)","decl":{"start":{"line":67,"column":2},"end":{"line":67,"column":16}},"loc":{"start":{"line":67,"column":49},"end":{"line":69,"column":3}}}},"branchMap":{},"s":{"0":16,"1":16,"2":16,"3":16,"4":16,"5":6,"6":7,"7":7,"8":4,"9":4,"10":1,"11":1,"12":1,"13":1,"14":1,"15":2,"16":1,"17":1,"18":1,"19":1},"f":{"0":16,"1":6,"2":7,"3":4,"4":1,"5":1,"6":1,"7":2,"8":1,"9":1,"10":1},"b":{}}
}
