TN:
SF:bank.ts
FN:8,(anonymous_0)
FN:18,(anonymous_1)
FN:23,(anonymous_2)
FN:29,(anonymous_3)
FN:35,(anonymous_4)
FN:41,(anonymous_5)
FN:47,(anonymous_6)
FN:52,(anonymous_7)
FN:57,(anonymous_8)
FN:62,(anonymous_9)
FN:67,(anonymous_10)
FN:71,(anonymous_11)
FNF:12
FNH:12
FNDA:18,(anonymous_0)
FNDA:6,(anonymous_1)
FNDA:7,(anonymous_2)
FNDA:4,(anonymous_3)
FNDA:1,(anonymous_4)
FNDA:1,(anonymous_5)
FNDA:1,(anonymous_6)
FNDA:2,(anonymous_7)
FNDA:1,(anonymous_8)
FNDA:1,(anonymous_9)
FNDA:1,(anonymous_10)
FNDA:3,(anonymous_11)
DA:1,1
DA:9,18
DA:10,18
DA:11,18
DA:12,18
DA:13,18
DA:19,6
DA:24,7
DA:25,7
DA:30,4
DA:31,4
DA:36,1
DA:37,1
DA:42,1
DA:43,1
DA:48,1
DA:53,2
DA:58,1
DA:63,1
DA:68,1
DA:72,3
DA:73,1
DA:74,2
DA:75,1
DA:76,1
DA:77,1
DA:79,3
LF:27
LH:27
BRDA:72,0,0,1
BRDA:72,0,1,2
BRDA:72,1,0,3
BRDA:72,1,1,1
BRDA:74,2,0,1
BRDA:74,2,1,1
BRDA:74,3,0,2
BRDA:74,3,1,2
BRDA:76,4,0,1
BRF:9
BRH:9
end_of_record
