TN:
SF:bank.ts
FN:8,(anonymous_0)
FN:18,(anonymous_1)
FN:23,(anonymous_2)
FN:29,(anonymous_3)
FN:35,(anonymous_4)
FN:41,(anonymous_5)
FN:47,(anonymous_6)
FN:52,(anonymous_7)
FN:57,(anonymous_8)
FN:62,(anonymous_9)
FN:67,(anonymous_10)
FNF:11
FNH:11
FNDA:16,(anonymous_0)
FNDA:6,(anonymous_1)
FNDA:7,(anonymous_2)
FNDA:4,(anonymous_3)
FNDA:1,(anonymous_4)
FNDA:1,(anonymous_5)
FNDA:1,(anonymous_6)
FNDA:2,(anonymous_7)
FNDA:1,(anonymous_8)
FNDA:1,(anonymous_9)
FNDA:1,(anonymous_10)
DA:1,1
DA:9,16
DA:10,16
DA:11,16
DA:12,16
DA:13,16
DA:19,6
DA:24,7
DA:25,7
DA:30,4
DA:31,4
DA:36,1
DA:37,1
DA:42,1
DA:43,1
DA:48,1
DA:53,2
DA:58,1
DA:63,1
DA:68,1
LF:20
LH:20
BRF:0
BRH:0
end_of_record
